<?xml version="1.0" encoding="UTF-8"?>
<!-- Generated by org.testng.reporters.JUnitReportReporter -->
<testsuite hostname="LAPTOP-FQ655NHB" failures="0" tests="3" name="com.Doms.ProductTest.MenProductTest" time="0.005" errors="0" timestamp="2024-10-28T15:41:38 IST" skipped="0">
  <testcase classname="com.Doms.ProductTest.MenProductTest" name="updateProduct" time="0.001"/>
  <system-out/>
  <testcase classname="com.Doms.ProductTest.MenProductTest" name="removeProduct" time="0.002"/>
  <system-out/>
  <testcase classname="com.Doms.ProductTest.MenProductTest" name="addProduct" time="0.002"/>
  <system-out/>
</testsuite> <!-- com.Doms.ProductTest.MenProductTest -->
