<?xml version="1.0" encoding="UTF-8"?>
<!-- Generated by org.testng.reporters.JUnitReportReporter -->
<testsuite hostname="LAPTOP-FQ655NHB" failures="0" tests="1" name="Harry.Selenium" time="0.013" errors="0" timestamp="2024-11-06T10:36:33 IST" skipped="0">
  <testcase classname="Harry.Selenium" name="excel" time="0.013"/>
  <system-out/>
</testsuite> <!-- Harry.Selenium -->
