<?xml version="1.0" encoding="UTF-8"?>
<!-- Generated by org.testng.reporters.JUnitReportReporter -->
<testsuite hostname="LAPTOP-FQ655NHB" failures="0" tests="1" name="com.Doms.ProductTest.KidsProductTest" time="0.020" errors="0" timestamp="2024-10-29T13:44:32 IST" skipped="0">
  <testcase classname="com.Doms.ProductTest.KidsProductTest" name="addProduct" time="0.020"/>
  <system-out/>
</testsuite> <!-- com.Doms.ProductTest.KidsProductTest -->
