<?xml version="1.0" encoding="UTF-8"?>
<!-- Generated by org.testng.reporters.JUnitReportReporter -->
<testsuite hostname="LAPTOP-FQ655NHB" failures="0" tests="3" name="com.Doms.ProductTest.ElectronicProductTest" time="0.003" errors="0" timestamp="2024-10-28T15:41:38 IST" skipped="0">
  <testcase classname="com.Doms.ProductTest.ElectronicProductTest" name="updateProduct" time="0.001"/>
  <system-out/>
  <testcase classname="com.Doms.ProductTest.ElectronicProductTest" name="removeProduct" time="0.001"/>
  <system-out/>
  <testcase classname="com.Doms.ProductTest.ElectronicProductTest" name="addProduct" time="0.001"/>
  <system-out/>
</testsuite> <!-- com.Doms.ProductTest.ElectronicProductTest -->
