<?xml version="1.0" encoding="UTF-8"?>
<!-- Generated by org.testng.reporters.JUnitReportReporter -->
<testsuite hostname="LAPTOP-FQ655NHB" failures="0" tests="2" name="com.Doms.WelecomeTest.VerifyWelcomePageTest" time="2.557" errors="0" timestamp="2024-11-07T04:22:23 IST" skipped="1">
  <testcase classname="com.Doms.WelecomeTest.VerifyWelcomePageTest" name="verifyWelcomepageWithValidInput" time="2.557"/>
  <system-out/>
  <testcase classname="com.Doms.WelecomeTest.VerifyWelcomePageTest" name="verifyWelcomepageWithInValidInput">
    <skipped/>
  </testcase> <!-- verifyWelcomepageWithInValidInput -->
  <system-out/>
</testsuite> <!-- com.Doms.WelecomeTest.VerifyWelcomePageTest -->
